2026-01-30 04:59:16.653 [http-nio-8080-exec-1] INFO  c.t.b.aspect.UserActionLoggingAspect - User: [Anonymous] performed Action: [GET /api/community-needs] (Method: CommunityNeedController.getAllNeeds) with Args: []
2026-01-30 04:59:16.943 [http-nio-8080-exec-2] INFO  c.t.b.aspect.UserActionLoggingAspect - User: [Anonymous] performed Action: [GET /api/citizen/transparency] (Method: CitizenController.getTransparencyData) with Args: []
2026-01-30 04:59:16.948 [http-nio-8080-exec-4] INFO  c.t.b.aspect.UserActionLoggingAspect - User: [Anonymous] performed Action: [GET /api/community-needs] (Method: CommunityNeedController.getAllNeeds) with Args: []
2026-01-30 04:59:17.111 [http-nio-8080-exec-3] INFO  c.t.b.aspect.UserActionLoggingAspect - User: [Anonymous] performed Action: [GET /api/citizen/projects] (Method: CitizenController.getPublicProjects) with Args: []
2026-01-30 04:59:18.007 [http-nio-8080-exec-5] INFO  c.t.b.aspect.UserActionLoggingAspect - User: [Anonymous] performed Action: [GET /api/citizen/transparency] (Method: CitizenController.getTransparencyData) with Args: []
2026-01-30 04:59:18.320 [http-nio-8080-exec-6] INFO  c.t.b.aspect.UserActionLoggingAspect - User: [Anonymous] performed Action: [GET /api/citizen/projects] (Method: CitizenController.getPublicProjects) with Args: []
2026-01-30 05:02:56.870 [http-nio-8080-exec-4] INFO  c.t.b.aspect.UserActionLoggingAspect - User: [Anonymous] performed Action: [GET /api/community-needs] (Method: CommunityNeedController.getAllNeeds) with Args: []
2026-01-30 05:02:57.186 [http-nio-8080-exec-3] INFO  c.t.b.aspect.UserActionLoggingAspect - User: [Anonymous] performed Action: [GET /api/community-needs] (Method: CommunityNeedController.getAllNeeds) with Args: []
2026-01-30 05:02:57.983 [http-nio-8080-exec-1] INFO  c.t.b.aspect.UserActionLoggingAspect - User: [Anonymous] performed Action: [GET /api/citizen/transparency] (Method: CitizenController.getTransparencyData) with Args: []
2026-01-30 05:02:58.097 [http-nio-8080-exec-2] INFO  c.t.b.aspect.UserActionLoggingAspect - User: [Anonymous] performed Action: [GET /api/citizen/projects] (Method: CitizenController.getPublicProjects) with Args: []
2026-01-30 05:02:58.720 [http-nio-8080-exec-5] INFO  c.t.b.aspect.UserActionLoggingAspect - User: [Anonymous] performed Action: [GET /api/citizen/transparency] (Method: CitizenController.getTransparencyData) with Args: []
2026-01-30 05:02:58.882 [http-nio-8080-exec-6] INFO  c.t.b.aspect.UserActionLoggingAspect - User: [Anonymous] performed Action: [GET /api/citizen/projects] (Method: CitizenController.getPublicProjects) with Args: []
2026-01-30 05:04:03.127 [http-nio-8080-exec-4] INFO  c.t.b.aspect.UserActionLoggingAspect - User: [Anonymous] performed Action: [GET /api/community-needs] (Method: CommunityNeedController.getAllNeeds) with Args: []
2026-01-30 05:04:03.797 [http-nio-8080-exec-2] INFO  c.t.b.aspect.UserActionLoggingAspect - User: [Anonymous] performed Action: [GET /api/community-needs] (Method: CommunityNeedController.getAllNeeds) with Args: []
2026-01-30 05:04:04.908 [http-nio-8080-exec-1] INFO  c.t.b.aspect.UserActionLoggingAspect - User: [Anonymous] performed Action: [GET /api/citizen/transparency] (Method: CitizenController.getTransparencyData) with Args: []
2026-01-30 05:04:04.959 [http-nio-8080-exec-3] INFO  c.t.b.aspect.UserActionLoggingAspect - User: [Anonymous] performed Action: [GET /api/citizen/projects] (Method: CitizenController.getPublicProjects) with Args: []
2026-01-30 05:04:05.671 [http-nio-8080-exec-5] INFO  c.t.b.aspect.UserActionLoggingAspect - User: [Anonymous] performed Action: [GET /api/citizen/transparency] (Method: CitizenController.getTransparencyData) with Args: []
2026-01-30 05:04:06.207 [http-nio-8080-exec-6] INFO  c.t.b.aspect.UserActionLoggingAspect - User: [Anonymous] performed Action: [GET /api/citizen/projects] (Method: CitizenController.getPublicProjects) with Args: []
2026-01-30 05:04:15.345 [http-nio-8080-exec-1] INFO  c.t.b.aspect.UserActionLoggingAspect - User: [Anonymous] performed Action: [GET /api/community-needs] (Method: CommunityNeedController.getAllNeeds) with Args: []
2026-01-30 05:04:15.515 [http-nio-8080-exec-3] INFO  c.t.b.aspect.UserActionLoggingAspect - User: [Anonymous] performed Action: [GET /api/community-needs] (Method: CommunityNeedController.getAllNeeds) with Args: []
2026-01-30 05:04:15.995 [http-nio-8080-exec-4] INFO  c.t.b.aspect.UserActionLoggingAspect - User: [Anonymous] performed Action: [GET /api/citizen/transparency] (Method: CitizenController.getTransparencyData) with Args: []
2026-01-30 05:04:16.219 [http-nio-8080-exec-2] INFO  c.t.b.aspect.UserActionLoggingAspect - User: [Anonymous] performed Action: [GET /api/citizen/projects] (Method: CitizenController.getPublicProjects) with Args: []
2026-01-30 05:04:16.851 [http-nio-8080-exec-5] INFO  c.t.b.aspect.UserActionLoggingAspect - User: [Anonymous] performed Action: [GET /api/citizen/transparency] (Method: CitizenController.getTransparencyData) with Args: []
2026-01-30 05:04:17.760 [http-nio-8080-exec-6] INFO  c.t.b.aspect.UserActionLoggingAspect - User: [Anonymous] performed Action: [GET /api/citizen/projects] (Method: CitizenController.getPublicProjects) with Args: []
2026-01-30 05:06:36.380 [http-nio-8080-exec-3] INFO  c.t.b.aspect.UserActionLoggingAspect - User: [Anonymous] performed Action: [GET /api/community-needs] (Method: CommunityNeedController.getAllNeeds) with Args: []
2026-01-30 05:06:36.516 [http-nio-8080-exec-2] INFO  c.t.b.aspect.UserActionLoggingAspect - User: [Anonymous] performed Action: [GET /api/community-needs] (Method: CommunityNeedController.getAllNeeds) with Args: []
2026-01-30 05:06:37.009 [http-nio-8080-exec-1] INFO  c.t.b.aspect.UserActionLoggingAspect - User: [Anonymous] performed Action: [GET /api/citizen/transparency] (Method: CitizenController.getTransparencyData) with Args: []
2026-01-30 05:06:37.077 [http-nio-8080-exec-4] INFO  c.t.b.aspect.UserActionLoggingAspect - User: [Anonymous] performed Action: [GET /api/citizen/projects] (Method: CitizenController.getPublicProjects) with Args: []
2026-01-30 05:06:37.762 [http-nio-8080-exec-9] INFO  c.t.b.aspect.UserActionLoggingAspect - User: [Anonymous] performed Action: [GET /api/citizen/projects] (Method: CitizenController.getPublicProjects) with Args: []
2026-01-30 05:06:37.800 [http-nio-8080-exec-1] INFO  c.t.b.aspect.UserActionLoggingAspect - User: [Anonymous] performed Action: [GET /api/citizen/transparency] (Method: CitizenController.getTransparencyData) with Args: []
2026-01-30 05:06:55.619 [http-nio-8080-exec-8] INFO  c.t.b.aspect.UserActionLoggingAspect - User: [user_38wjG2v86HGBAILNQ3K2Yodea5t] performed Action: [POST /api/auth/assign-role] (Method: AuthController.assignRole) with Args: [com.trustchain.backend.dto.RoleAssignmentRequest@666f9aab, SecurityContextHolderAwareRequestWrapper[ org.springframework.security.web.header.HeaderWriterFilter$HeaderWriterRequest@55ab80c1]]
2026-01-30 05:06:56.022 [http-nio-8080-exec-10] INFO  c.t.b.aspect.UserActionLoggingAspect - User: [Anonymous] performed Action: [GET /api/public/blockchain/status] (Method: PublicController.blockchainStatus) with Args: []
2026-01-30 05:06:56.038 [http-nio-8080-exec-5] INFO  c.t.b.aspect.UserActionLoggingAspect - User: [Anonymous] performed Action: [GET /api/public/blockchain/status] (Method: PublicController.blockchainStatus) with Args: []
2026-01-30 05:06:56.413 [http-nio-8080-exec-6] INFO  c.t.b.aspect.UserActionLoggingAspect - User: [Anonymous] performed Action: [GET /api/public/blockchain/escrow/balance] (Method: PublicController.escrowBalance) with Args: []
2026-01-30 05:06:56.594 [http-nio-8080-exec-4] INFO  c.t.b.aspect.UserActionLoggingAspect - User: [Anonymous] performed Action: [GET /api/public/blockchain/escrow/balance] (Method: PublicController.escrowBalance) with Args: []
2026-01-30 05:06:57.323 [http-nio-8080-exec-2] INFO  c.t.b.aspect.UserActionLoggingAspect - User: [user_38wjG2v86HGBAILNQ3K2Yodea5t] performed Action: [GET /api/donor/dashboard] (Method: DonorController.getDashboard) with Args: [PROTECTED]
2026-01-30 05:06:58.245 [http-nio-8080-exec-1] INFO  c.t.b.aspect.UserActionLoggingAspect - User: [user_38wjG2v86HGBAILNQ3K2Yodea5t] performed Action: [GET /api/donor/blockchain/events] (Method: DonorController.getMyBlockchainEvents) with Args: [PROTECTED]
2026-01-30 05:06:58.767 [http-nio-8080-exec-8] INFO  c.t.b.aspect.UserActionLoggingAspect - User: [user_38wjG2v86HGBAILNQ3K2Yodea5t] performed Action: [GET /api/donor/dashboard] (Method: DonorController.getDashboard) with Args: [PROTECTED]
2026-01-30 05:06:58.873 [http-nio-8080-exec-3] INFO  c.t.b.aspect.UserActionLoggingAspect - User: [user_38wjG2v86HGBAILNQ3K2Yodea5t] performed Action: [GET /api/donation/user/user_38wjG2v86HGBAILNQ3K2Yodea5t] (Method: DonationController.getDonationsByUserId) with Args: [user_38wjG2v86HGBAILNQ3K2Yodea5t]
2026-01-30 05:06:58.907 [http-nio-8080-exec-10] INFO  c.t.b.aspect.UserActionLoggingAspect - User: [user_38wjG2v86HGBAILNQ3K2Yodea5t] performed Action: [GET /api/donor/blockchain/events] (Method: DonorController.getMyBlockchainEvents) with Args: [PROTECTED]
2026-01-30 05:06:59.453 [http-nio-8080-exec-6] INFO  c.t.b.aspect.UserActionLoggingAspect - User: [Anonymous] performed Action: [GET /api/scheme] (Method: SchemeController.getAllSchemes) with Args: [null]
2026-01-30 05:06:59.721 [http-nio-8080-exec-5] INFO  c.t.b.aspect.UserActionLoggingAspect - User: [user_38wjG2v86HGBAILNQ3K2Yodea5t] performed Action: [GET /api/donation/user/user_38wjG2v86HGBAILNQ3K2Yodea5t] (Method: DonationController.getDonationsByUserId) with Args: [user_38wjG2v86HGBAILNQ3K2Yodea5t]
2026-01-30 05:07:00.117 [http-nio-8080-exec-9] INFO  c.t.b.aspect.UserActionLoggingAspect - User: [Anonymous] performed Action: [GET /api/scheme] (Method: SchemeController.getAllSchemes) with Args: [null]
2026-01-30 05:07:11.648 [http-nio-8080-exec-4] INFO  c.t.b.aspect.UserActionLoggingAspect - User: [Anonymous] performed Action: [GET /api/scheme] (Method: SchemeController.getAllSchemes) with Args: [null]
2026-01-30 05:07:11.989 [http-nio-8080-exec-2] INFO  c.t.b.aspect.UserActionLoggingAspect - User: [Anonymous] performed Action: [GET /api/scheme] (Method: SchemeController.getAllSchemes) with Args: [null]
2026-01-30 05:07:26.832 [http-nio-8080-exec-1] INFO  c.t.b.aspect.UserActionLoggingAspect - User: [user_38wjG2v86HGBAILNQ3K2Yodea5t] performed Action: [GET /api/invoice/visible] (Method: InvoiceController.getVisibleInvoices) with Args: [PROTECTED]
2026-01-30 05:07:29.739 [http-nio-8080-exec-8] INFO  c.t.b.aspect.UserActionLoggingAspect - User: [user_38wjG2v86HGBAILNQ3K2Yodea5t] performed Action: [GET /api/invoice/visible] (Method: InvoiceController.getVisibleInvoices) with Args: [PROTECTED]
2026-01-30 05:07:30.794 [http-nio-8080-exec-3] INFO  c.t.b.aspect.UserActionLoggingAspect - User: [user_38wjG2v86HGBAILNQ3K2Yodea5t] performed Action: [GET /api/invoice/visible] (Method: InvoiceController.getVisibleInvoices) with Args: [PROTECTED]
2026-01-30 05:07:36.551 [http-nio-8080-exec-10] INFO  c.t.b.aspect.UserActionLoggingAspect - User: [user_38wjG2v86HGBAILNQ3K2Yodea5t] performed Action: [GET /api/invoice/visible] (Method: InvoiceController.getVisibleInvoices) with Args: [PROTECTED]
2026-01-30 05:07:58.807 [http-nio-8080-exec-1] INFO  c.t.b.aspect.UserActionLoggingAspect - User: [Anonymous] performed Action: [GET /api/community-needs] (Method: CommunityNeedController.getAllNeeds) with Args: []
2026-01-30 05:07:58.875 [http-nio-8080-exec-3] INFO  c.t.b.aspect.UserActionLoggingAspect - User: [Anonymous] performed Action: [GET /api/community-needs] (Method: CommunityNeedController.getAllNeeds) with Args: []
2026-01-30 05:07:58.997 [http-nio-8080-exec-2] INFO  c.t.b.aspect.UserActionLoggingAspect - User: [Anonymous] performed Action: [GET /api/citizen/transparency] (Method: CitizenController.getTransparencyData) with Args: []
2026-01-30 05:07:59.133 [http-nio-8080-exec-7] INFO  c.t.b.aspect.UserActionLoggingAspect - User: [Anonymous] performed Action: [GET /api/citizen/projects] (Method: CitizenController.getPublicProjects) with Args: []
2026-01-30 05:08:00.123 [http-nio-8080-exec-6] INFO  c.t.b.aspect.UserActionLoggingAspect - User: [Anonymous] performed Action: [GET /api/citizen/transparency] (Method: CitizenController.getTransparencyData) with Args: []
2026-01-30 05:08:00.365 [http-nio-8080-exec-10] INFO  c.t.b.aspect.UserActionLoggingAspect - User: [Anonymous] performed Action: [GET /api/citizen/projects] (Method: CitizenController.getPublicProjects) with Args: []
2026-01-30 05:08:09.028 [http-nio-8080-exec-9] INFO  c.t.b.aspect.UserActionLoggingAspect - User: [user_38wjG2v86HGBAILNQ3K2Yodea5t] performed Action: [GET /api/invoice/visible] (Method: InvoiceController.getVisibleInvoices) with Args: [PROTECTED]
2026-01-30 05:09:00.433 [http-nio-8080-exec-1] INFO  c.t.b.aspect.UserActionLoggingAspect - User: [Anonymous] performed Action: [GET /api/citizen/transparency] (Method: CitizenController.getTransparencyData) with Args: []
2026-01-30 05:09:00.534 [http-nio-8080-exec-6] INFO  c.t.b.aspect.UserActionLoggingAspect - User: [Anonymous] performed Action: [GET /api/community-needs] (Method: CommunityNeedController.getAllNeeds) with Args: []
2026-01-30 05:09:00.571 [http-nio-8080-exec-10] INFO  c.t.b.aspect.UserActionLoggingAspect - User: [Anonymous] performed Action: [GET /api/citizen/projects] (Method: CitizenController.getPublicProjects) with Args: []
2026-01-30 05:09:00.642 [http-nio-8080-exec-9] INFO  c.t.b.aspect.UserActionLoggingAspect - User: [Anonymous] performed Action: [GET /api/community-needs] (Method: CommunityNeedController.getAllNeeds) with Args: []
2026-01-30 05:09:00.968 [http-nio-8080-exec-5] INFO  c.t.b.aspect.UserActionLoggingAspect - User: [Anonymous] performed Action: [GET /api/citizen/transparency] (Method: CitizenController.getTransparencyData) with Args: []
2026-01-30 05:09:01.546 [http-nio-8080-exec-4] INFO  c.t.b.aspect.UserActionLoggingAspect - User: [Anonymous] performed Action: [GET /api/citizen/projects] (Method: CitizenController.getPublicProjects) with Args: []
2026-01-30 06:01:38.269 [http-nio-8080-exec-10] INFO  c.t.b.aspect.UserActionLoggingAspect - User: [Anonymous] performed Action: [GET /api/community-needs] (Method: CommunityNeedController.getAllNeeds) with Args: []
2026-01-30 06:01:38.340 [http-nio-8080-exec-9] INFO  c.t.b.aspect.UserActionLoggingAspect - User: [Anonymous] performed Action: [GET /api/community-needs] (Method: CommunityNeedController.getAllNeeds) with Args: []
2026-01-30 06:01:38.361 [http-nio-8080-exec-1] INFO  c.t.b.aspect.UserActionLoggingAspect - User: [Anonymous] performed Action: [GET /api/citizen/transparency] (Method: CitizenController.getTransparencyData) with Args: []
2026-01-30 06:01:38.964 [http-nio-8080-exec-5] INFO  c.t.b.aspect.UserActionLoggingAspect - User: [Anonymous] performed Action: [GET /api/citizen/transparency] (Method: CitizenController.getTransparencyData) with Args: []
2026-01-30 06:01:40.128 [http-nio-8080-exec-6] INFO  c.t.b.aspect.UserActionLoggingAspect - User: [Anonymous] performed Action: [GET /api/citizen/projects] (Method: CitizenController.getPublicProjects) with Args: []
2026-01-30 06:01:42.527 [http-nio-8080-exec-4] INFO  c.t.b.aspect.UserActionLoggingAspect - User: [Anonymous] performed Action: [GET /api/citizen/projects] (Method: CitizenController.getPublicProjects) with Args: []
2026-01-30 06:03:10.338 [http-nio-8080-exec-1] INFO  c.t.b.aspect.UserActionLoggingAspect - User: [Anonymous] performed Action: [GET /api/community-needs] (Method: CommunityNeedController.getAllNeeds) with Args: []
2026-01-30 06:03:10.462 [http-nio-8080-exec-5] INFO  c.t.b.aspect.UserActionLoggingAspect - User: [Anonymous] performed Action: [GET /api/community-needs] (Method: CommunityNeedController.getAllNeeds) with Args: []
2026-01-30 06:03:10.930 [http-nio-8080-exec-10] INFO  c.t.b.aspect.UserActionLoggingAspect - User: [Anonymous] performed Action: [GET /api/citizen/transparency] (Method: CitizenController.getTransparencyData) with Args: []
2026-01-30 06:03:11.577 [http-nio-8080-exec-6] INFO  c.t.b.aspect.UserActionLoggingAspect - User: [Anonymous] performed Action: [GET /api/citizen/transparency] (Method: CitizenController.getTransparencyData) with Args: []
2026-01-30 06:03:12.641 [http-nio-8080-exec-9] INFO  c.t.b.aspect.UserActionLoggingAspect - User: [Anonymous] performed Action: [GET /api/citizen/projects] (Method: CitizenController.getPublicProjects) with Args: []
2026-01-30 06:03:15.466 [http-nio-8080-exec-4] INFO  c.t.b.aspect.UserActionLoggingAspect - User: [Anonymous] performed Action: [GET /api/citizen/projects] (Method: CitizenController.getPublicProjects) with Args: []
2026-01-30 06:13:38.095 [http-nio-8080-exec-5] INFO  c.t.b.aspect.UserActionLoggingAspect - User: [user_38wlNRjadIwpiVbBbjxQpVQYWby] performed Action: [POST /api/auth/assign-role] (Method: AuthController.assignRole) with Args: [com.trustchain.backend.dto.RoleAssignmentRequest@16213ffc, SecurityContextHolderAwareRequestWrapper[ org.springframework.security.web.header.HeaderWriterFilter$HeaderWriterRequest@19ed1df9]]
2026-01-30 06:13:38.974 [http-nio-8080-exec-9] INFO  c.t.b.aspect.UserActionLoggingAspect - User: [user_38wlNRjadIwpiVbBbjxQpVQYWby] performed Action: [GET /api/ngo/user/user_38wlNRjadIwpiVbBbjxQpVQYWby] (Method: NgoController.getNgoByUserId) with Args: [user_38wlNRjadIwpiVbBbjxQpVQYWby]
2026-01-30 06:13:39.167 [http-nio-8080-exec-7] INFO  c.t.b.aspect.UserActionLoggingAspect - User: [user_38wlNRjadIwpiVbBbjxQpVQYWby] performed Action: [GET /api/ngo/user/user_38wlNRjadIwpiVbBbjxQpVQYWby] (Method: NgoController.getNgoByUserId) with Args: [user_38wlNRjadIwpiVbBbjxQpVQYWby]
2026-01-30 06:13:39.446 [http-nio-8080-exec-4] INFO  c.t.b.aspect.UserActionLoggingAspect - User: [user_38wlNRjadIwpiVbBbjxQpVQYWby] performed Action: [GET /api/scheme] (Method: SchemeController.getAllSchemes) with Args: [null]
2026-01-30 06:13:39.848 [http-nio-8080-exec-3] INFO  c.t.b.aspect.UserActionLoggingAspect - User: [user_38wlNRjadIwpiVbBbjxQpVQYWby] performed Action: [GET /api/scheme] (Method: SchemeController.getAllSchemes) with Args: [null]
2026-01-30 06:15:10.215 [http-nio-8080-exec-6] INFO  c.t.b.aspect.UserActionLoggingAspect - User: [user_38wlNRjadIwpiVbBbjxQpVQYWby] performed Action: [GET /api/ngo/user/user_38wlNRjadIwpiVbBbjxQpVQYWby] (Method: NgoController.getNgoByUserId) with Args: [user_38wlNRjadIwpiVbBbjxQpVQYWby]
2026-01-30 06:15:10.905 [http-nio-8080-exec-7] INFO  c.t.b.aspect.UserActionLoggingAspect - User: [Anonymous] performed Action: [GET /api/community-needs] (Method: CommunityNeedController.getAllNeeds) with Args: []
2026-01-30 06:15:10.956 [http-nio-8080-exec-10] INFO  c.t.b.aspect.UserActionLoggingAspect - User: [Anonymous] performed Action: [GET /api/citizen/transparency] (Method: CitizenController.getTransparencyData) with Args: []
2026-01-30 06:15:11.010 [http-nio-8080-exec-4] INFO  c.t.b.aspect.UserActionLoggingAspect - User: [Anonymous] performed Action: [GET /api/community-needs] (Method: CommunityNeedController.getAllNeeds) with Args: []
2026-01-30 06:15:11.071 [http-nio-8080-exec-6] INFO  c.t.b.aspect.UserActionLoggingAspect - User: [user_38wlNRjadIwpiVbBbjxQpVQYWby] performed Action: [GET /api/ngo/user/user_38wlNRjadIwpiVbBbjxQpVQYWby] (Method: NgoController.getNgoByUserId) with Args: [user_38wlNRjadIwpiVbBbjxQpVQYWby]
2026-01-30 06:15:11.387 [http-nio-8080-exec-9] INFO  c.t.b.aspect.UserActionLoggingAspect - User: [user_38wlNRjadIwpiVbBbjxQpVQYWby] performed Action: [GET /api/scheme] (Method: SchemeController.getAllSchemes) with Args: [null]
2026-01-30 06:15:11.689 [http-nio-8080-exec-3] INFO  c.t.b.aspect.UserActionLoggingAspect - User: [Anonymous] performed Action: [GET /api/citizen/transparency] (Method: CitizenController.getTransparencyData) with Args: []
2026-01-30 06:15:11.872 [http-nio-8080-exec-1] INFO  c.t.b.aspect.UserActionLoggingAspect - User: [user_38wlNRjadIwpiVbBbjxQpVQYWby] performed Action: [GET /api/scheme] (Method: SchemeController.getAllSchemes) with Args: [null]
2026-01-30 06:15:12.609 [http-nio-8080-exec-8] INFO  c.t.b.aspect.UserActionLoggingAspect - User: [Anonymous] performed Action: [GET /api/citizen/projects] (Method: CitizenController.getPublicProjects) with Args: []
2026-01-30 06:15:14.780 [http-nio-8080-exec-5] INFO  c.t.b.aspect.UserActionLoggingAspect - User: [Anonymous] performed Action: [GET /api/citizen/projects] (Method: CitizenController.getPublicProjects) with Args: []
2026-01-30 06:15:37.877 [http-nio-8080-exec-3] INFO  c.t.b.aspect.UserActionLoggingAspect - User: [user_38wlNRjadIwpiVbBbjxQpVQYWby] performed Action: [GET /api/ngo/user/user_38wlNRjadIwpiVbBbjxQpVQYWby] (Method: NgoController.getNgoByUserId) with Args: [user_38wlNRjadIwpiVbBbjxQpVQYWby]
2026-01-30 06:15:38.353 [http-nio-8080-exec-1] INFO  c.t.b.aspect.UserActionLoggingAspect - User: [user_38wlNRjadIwpiVbBbjxQpVQYWby] performed Action: [GET /api/scheme] (Method: SchemeController.getAllSchemes) with Args: [null]
2026-01-30 06:16:08.090 [http-nio-8080-exec-4] INFO  c.t.b.aspect.UserActionLoggingAspect - User: [Anonymous] performed Action: [GET /api/community-needs] (Method: CommunityNeedController.getAllNeeds) with Args: []
2026-01-30 06:16:08.106 [http-nio-8080-exec-7] INFO  c.t.b.aspect.UserActionLoggingAspect - User: [user_38wlNRjadIwpiVbBbjxQpVQYWby] performed Action: [GET /api/ngo/user/user_38wlNRjadIwpiVbBbjxQpVQYWby] (Method: NgoController.getNgoByUserId) with Args: [user_38wlNRjadIwpiVbBbjxQpVQYWby]
2026-01-30 06:16:08.211 [http-nio-8080-exec-6] INFO  c.t.b.aspect.UserActionLoggingAspect - User: [Anonymous] performed Action: [GET /api/community-needs] (Method: CommunityNeedController.getAllNeeds) with Args: []
2026-01-30 06:16:08.460 [http-nio-8080-exec-4] INFO  c.t.b.aspect.UserActionLoggingAspect - User: [user_38wlNRjadIwpiVbBbjxQpVQYWby] performed Action: [GET /api/ngo/user/user_38wlNRjadIwpiVbBbjxQpVQYWby] (Method: NgoController.getNgoByUserId) with Args: [user_38wlNRjadIwpiVbBbjxQpVQYWby]
2026-01-30 06:16:08.674 [http-nio-8080-exec-3] INFO  c.t.b.aspect.UserActionLoggingAspect - User: [user_38wlNRjadIwpiVbBbjxQpVQYWby] performed Action: [GET /api/ngo/user/user_38wlNRjadIwpiVbBbjxQpVQYWby] (Method: NgoController.getNgoByUserId) with Args: [user_38wlNRjadIwpiVbBbjxQpVQYWby]
2026-01-30 06:16:08.793 [http-nio-8080-exec-9] INFO  c.t.b.aspect.UserActionLoggingAspect - User: [user_38wlNRjadIwpiVbBbjxQpVQYWby] performed Action: [GET /api/scheme] (Method: SchemeController.getAllSchemes) with Args: [null]
2026-01-30 06:16:08.840 [http-nio-8080-exec-2] INFO  c.t.b.aspect.UserActionLoggingAspect - User: [Anonymous] performed Action: [GET /api/citizen/transparency] (Method: CitizenController.getTransparencyData) with Args: []
2026-01-30 06:16:08.874 [http-nio-8080-exec-1] INFO  c.t.b.aspect.UserActionLoggingAspect - User: [user_38wlNRjadIwpiVbBbjxQpVQYWby] performed Action: [GET /api/ngo/user/user_38wlNRjadIwpiVbBbjxQpVQYWby] (Method: NgoController.getNgoByUserId) with Args: [user_38wlNRjadIwpiVbBbjxQpVQYWby]
2026-01-30 06:16:09.220 [http-nio-8080-exec-8] INFO  c.t.b.aspect.UserActionLoggingAspect - User: [user_38wlNRjadIwpiVbBbjxQpVQYWby] performed Action: [GET /api/scheme] (Method: SchemeController.getAllSchemes) with Args: [null]
2026-01-30 06:16:09.443 [http-nio-8080-exec-5] INFO  c.t.b.aspect.UserActionLoggingAspect - User: [Anonymous] performed Action: [GET /api/citizen/transparency] (Method: CitizenController.getTransparencyData) with Args: []
2026-01-30 06:16:09.646 [http-nio-8080-exec-3] INFO  c.t.b.aspect.UserActionLoggingAspect - User: [user_38wlNRjadIwpiVbBbjxQpVQYWby] performed Action: [GET /api/scheme] (Method: SchemeController.getAllSchemes) with Args: [null]
2026-01-30 06:16:10.270 [http-nio-8080-exec-9] INFO  c.t.b.aspect.UserActionLoggingAspect - User: [user_38wlNRjadIwpiVbBbjxQpVQYWby] performed Action: [GET /api/scheme] (Method: SchemeController.getAllSchemes) with Args: [null]
2026-01-30 06:16:10.405 [http-nio-8080-exec-10] INFO  c.t.b.aspect.UserActionLoggingAspect - User: [Anonymous] performed Action: [GET /api/citizen/projects] (Method: CitizenController.getPublicProjects) with Args: []
2026-01-30 06:16:12.725 [http-nio-8080-exec-2] INFO  c.t.b.aspect.UserActionLoggingAspect - User: [Anonymous] performed Action: [GET /api/citizen/projects] (Method: CitizenController.getPublicProjects) with Args: []
2026-01-30 06:16:29.184 [http-nio-8080-exec-8] INFO  c.t.b.aspect.UserActionLoggingAspect - User: [user_38wlNRjadIwpiVbBbjxQpVQYWby] performed Action: [GET /api/ngo/user/user_38wlNRjadIwpiVbBbjxQpVQYWby] (Method: NgoController.getNgoByUserId) with Args: [user_38wlNRjadIwpiVbBbjxQpVQYWby]
2026-01-30 06:16:29.478 [http-nio-8080-exec-5] INFO  c.t.b.aspect.UserActionLoggingAspect - User: [user_38wlNRjadIwpiVbBbjxQpVQYWby] performed Action: [GET /api/ngo/user/user_38wlNRjadIwpiVbBbjxQpVQYWby] (Method: NgoController.getNgoByUserId) with Args: [user_38wlNRjadIwpiVbBbjxQpVQYWby]
2026-01-30 06:16:29.642 [http-nio-8080-exec-3] INFO  c.t.b.aspect.UserActionLoggingAspect - User: [user_38wlNRjadIwpiVbBbjxQpVQYWby] performed Action: [GET /api/scheme] (Method: SchemeController.getAllSchemes) with Args: [null]
2026-01-30 06:16:30.226 [http-nio-8080-exec-9] INFO  c.t.b.aspect.UserActionLoggingAspect - User: [user_38wlNRjadIwpiVbBbjxQpVQYWby] performed Action: [GET /api/scheme] (Method: SchemeController.getAllSchemes) with Args: [null]
2026-01-30 06:16:45.488 [http-nio-8080-exec-7] INFO  c.t.b.aspect.UserActionLoggingAspect - User: [user_38wlNRjadIwpiVbBbjxQpVQYWby] performed Action: [GET /api/kyc/user_38wlNRjadIwpiVbBbjxQpVQYWby/record] (Method: KycController.getRecordByVendorId) with Args: [user_38wlNRjadIwpiVbBbjxQpVQYWby]
2026-01-30 06:16:45.870 [http-nio-8080-exec-6] INFO  c.t.b.aspect.UserActionLoggingAspect - User: [user_38wlNRjadIwpiVbBbjxQpVQYWby] performed Action: [GET /api/kyc/user_38wlNRjadIwpiVbBbjxQpVQYWby/record] (Method: KycController.getRecordByVendorId) with Args: [user_38wlNRjadIwpiVbBbjxQpVQYWby]
2026-01-30 06:16:45.884 [http-nio-8080-exec-5] INFO  c.t.b.aspect.UserActionLoggingAspect - User: [user_38wlNRjadIwpiVbBbjxQpVQYWby] performed Action: [GET /api/pan/user_38wlNRjadIwpiVbBbjxQpVQYWby/record] (Method: PanController.getRecordByVendorId) with Args: [user_38wlNRjadIwpiVbBbjxQpVQYWby]
2026-01-30 06:16:46.087 [http-nio-8080-exec-3] INFO  c.t.b.aspect.UserActionLoggingAspect - User: [user_38wlNRjadIwpiVbBbjxQpVQYWby] performed Action: [GET /api/pan/user_38wlNRjadIwpiVbBbjxQpVQYWby/record] (Method: PanController.getRecordByVendorId) with Args: [user_38wlNRjadIwpiVbBbjxQpVQYWby]
2026-01-30 06:16:46.458 [http-nio-8080-exec-9] INFO  c.t.b.aspect.UserActionLoggingAspect - User: [user_38wlNRjadIwpiVbBbjxQpVQYWby] performed Action: [GET /api/ngo/user/user_38wlNRjadIwpiVbBbjxQpVQYWby] (Method: NgoController.getNgoByUserId) with Args: [user_38wlNRjadIwpiVbBbjxQpVQYWby]
2026-01-30 06:16:46.684 [http-nio-8080-exec-10] INFO  c.t.b.aspect.UserActionLoggingAspect - User: [user_38wlNRjadIwpiVbBbjxQpVQYWby] performed Action: [GET /api/ngo/user/user_38wlNRjadIwpiVbBbjxQpVQYWby] (Method: NgoController.getNgoByUserId) with Args: [user_38wlNRjadIwpiVbBbjxQpVQYWby]
2026-01-30 06:16:46.910 [http-nio-8080-exec-2] INFO  c.t.b.aspect.UserActionLoggingAspect - User: [user_38wlNRjadIwpiVbBbjxQpVQYWby] performed Action: [GET /api/scheme] (Method: SchemeController.getAllSchemes) with Args: [null]
2026-01-30 06:16:47.257 [http-nio-8080-exec-2] INFO  c.t.b.aspect.UserActionLoggingAspect - User: [user_38wlNRjadIwpiVbBbjxQpVQYWby] performed Action: [GET /api/scheme] (Method: SchemeController.getAllSchemes) with Args: [null]
2026-01-30 06:16:47.726 [http-nio-8080-exec-8] INFO  c.t.b.aspect.UserActionLoggingAspect - User: [user_38wlNRjadIwpiVbBbjxQpVQYWby] performed Action: [GET /api/vendor] (Method: VendorController.getAllVendors) with Args: []
2026-01-30 06:16:47.778 [http-nio-8080-exec-6] INFO  c.t.b.aspect.UserActionLoggingAspect - User: [user_38wlNRjadIwpiVbBbjxQpVQYWby] performed Action: [GET /api/manage/ngo/d4787c16-df0e-41c6-ab9d-f57ff5827bd8] (Method: ManageController.getManagesByNgoId) with Args: [d4787c16-df0e-41c6-ab9d-f57ff5827bd8]
2026-01-30 06:16:50.644 [http-nio-8080-exec-9] INFO  c.t.b.aspect.UserActionLoggingAspect - User: [user_38wlNRjadIwpiVbBbjxQpVQYWby] performed Action: [GET /api/ngo/user/user_38wlNRjadIwpiVbBbjxQpVQYWby] (Method: NgoController.getNgoByUserId) with Args: [user_38wlNRjadIwpiVbBbjxQpVQYWby]
2026-01-30 06:16:50.892 [http-nio-8080-exec-9] INFO  c.t.b.aspect.UserActionLoggingAspect - User: [user_38wlNRjadIwpiVbBbjxQpVQYWby] performed Action: [GET /api/ngo/user/user_38wlNRjadIwpiVbBbjxQpVQYWby] (Method: NgoController.getNgoByUserId) with Args: [user_38wlNRjadIwpiVbBbjxQpVQYWby]
2026-01-30 06:16:51.251 [http-nio-8080-exec-4] INFO  c.t.b.aspect.UserActionLoggingAspect - User: [user_38wlNRjadIwpiVbBbjxQpVQYWby] performed Action: [GET /api/scheme] (Method: SchemeController.getAllSchemes) with Args: [null]
2026-01-30 06:16:51.720 [http-nio-8080-exec-2] INFO  c.t.b.aspect.UserActionLoggingAspect - User: [user_38wlNRjadIwpiVbBbjxQpVQYWby] performed Action: [GET /api/scheme] (Method: SchemeController.getAllSchemes) with Args: [null]
2026-01-30 06:16:54.779 [http-nio-8080-exec-6] INFO  c.t.b.aspect.UserActionLoggingAspect - User: [user_38wlNRjadIwpiVbBbjxQpVQYWby] performed Action: [GET /api/invoice/visible] (Method: InvoiceController.getVisibleInvoices) with Args: [PROTECTED]
2026-01-30 06:17:43.383 [http-nio-8080-exec-5] INFO  c.t.b.aspect.UserActionLoggingAspect - User: [user_38wjG2v86HGBAILNQ3K2Yodea5t] performed Action: [POST /api/auth/assign-role] (Method: AuthController.assignRole) with Args: [com.trustchain.backend.dto.RoleAssignmentRequest@2fdd5f60, SecurityContextHolderAwareRequestWrapper[ org.springframework.security.web.header.HeaderWriterFilter$HeaderWriterRequest@37a5a5e0]]
2026-01-30 06:17:43.794 [http-nio-8080-exec-10] INFO  c.t.b.aspect.UserActionLoggingAspect - User: [Anonymous] performed Action: [GET /api/public/blockchain/status] (Method: PublicController.blockchainStatus) with Args: []
2026-01-30 06:17:43.801 [http-nio-8080-exec-10] INFO  c.t.b.aspect.UserActionLoggingAspect - User: [Anonymous] performed Action: [GET /api/public/blockchain/status] (Method: PublicController.blockchainStatus) with Args: []
2026-01-30 06:17:43.994 [http-nio-8080-exec-9] INFO  c.t.b.aspect.UserActionLoggingAspect - User: [Anonymous] performed Action: [GET /api/public/blockchain/escrow/balance] (Method: PublicController.escrowBalance) with Args: []
2026-01-30 06:17:44.163 [http-nio-8080-exec-3] INFO  c.t.b.aspect.UserActionLoggingAspect - User: [Anonymous] performed Action: [GET /api/public/blockchain/escrow/balance] (Method: PublicController.escrowBalance) with Args: []
2026-01-30 06:17:44.425 [http-nio-8080-exec-2] INFO  c.t.b.aspect.UserActionLoggingAspect - User: [user_38wjG2v86HGBAILNQ3K2Yodea5t] performed Action: [GET /api/donor/blockchain/events] (Method: DonorController.getMyBlockchainEvents) with Args: [PROTECTED]
2026-01-30 06:17:44.473 [http-nio-8080-exec-1] INFO  c.t.b.aspect.UserActionLoggingAspect - User: [user_38wjG2v86HGBAILNQ3K2Yodea5t] performed Action: [GET /api/donor/dashboard] (Method: DonorController.getDashboard) with Args: [PROTECTED]
2026-01-30 06:17:44.861 [http-nio-8080-exec-4] INFO  c.t.b.aspect.UserActionLoggingAspect - User: [user_38wjG2v86HGBAILNQ3K2Yodea5t] performed Action: [GET /api/donor/blockchain/events] (Method: DonorController.getMyBlockchainEvents) with Args: [PROTECTED]
2026-01-30 06:17:45.031 [http-nio-8080-exec-8] INFO  c.t.b.aspect.UserActionLoggingAspect - User: [user_38wjG2v86HGBAILNQ3K2Yodea5t] performed Action: [GET /api/donation/user/user_38wjG2v86HGBAILNQ3K2Yodea5t] (Method: DonationController.getDonationsByUserId) with Args: [user_38wjG2v86HGBAILNQ3K2Yodea5t]
2026-01-30 06:17:45.070 [http-nio-8080-exec-7] INFO  c.t.b.aspect.UserActionLoggingAspect - User: [user_38wjG2v86HGBAILNQ3K2Yodea5t] performed Action: [GET /api/donor/dashboard] (Method: DonorController.getDashboard) with Args: [PROTECTED]
2026-01-30 06:17:45.303 [http-nio-8080-exec-6] INFO  c.t.b.aspect.UserActionLoggingAspect - User: [Anonymous] performed Action: [GET /api/scheme] (Method: SchemeController.getAllSchemes) with Args: [null]
2026-01-30 06:17:46.094 [http-nio-8080-exec-9] INFO  c.t.b.aspect.UserActionLoggingAspect - User: [user_38wjG2v86HGBAILNQ3K2Yodea5t] performed Action: [GET /api/donation/user/user_38wjG2v86HGBAILNQ3K2Yodea5t] (Method: DonationController.getDonationsByUserId) with Args: [user_38wjG2v86HGBAILNQ3K2Yodea5t]
2026-01-30 06:17:46.446 [http-nio-8080-exec-5] INFO  c.t.b.aspect.UserActionLoggingAspect - User: [Anonymous] performed Action: [GET /api/scheme] (Method: SchemeController.getAllSchemes) with Args: [null]
2026-01-30 06:17:52.083 [http-nio-8080-exec-10] INFO  c.t.b.aspect.UserActionLoggingAspect - User: [user_38wjG2v86HGBAILNQ3K2Yodea5t] performed Action: [GET /api/invoice/visible] (Method: InvoiceController.getVisibleInvoices) with Args: [PROTECTED]
2026-01-30 06:18:51.897 [http-nio-8080-exec-8] INFO  c.t.b.aspect.UserActionLoggingAspect - User: [user_38x1AFi0pt8cbMR1zAKx8Tg4eJv] performed Action: [POST /api/auth/assign-role] (Method: AuthController.assignRole) with Args: [com.trustchain.backend.dto.RoleAssignmentRequest@3cf03ecd, SecurityContextHolderAwareRequestWrapper[ org.springframework.security.web.header.HeaderWriterFilter$HeaderWriterRequest@58a9e306]]
2026-01-30 06:18:52.313 [http-nio-8080-exec-7] INFO  c.t.b.aspect.UserActionLoggingAspect - User: [Anonymous] performed Action: [GET /api/public/blockchain/status] (Method: PublicController.blockchainStatus) with Args: []
2026-01-30 06:18:52.321 [http-nio-8080-exec-5] INFO  c.t.b.aspect.UserActionLoggingAspect - User: [Anonymous] performed Action: [GET /api/public/blockchain/status] (Method: PublicController.blockchainStatus) with Args: []
2026-01-30 06:18:52.481 [http-nio-8080-exec-6] INFO  c.t.b.aspect.UserActionLoggingAspect - User: [Anonymous] performed Action: [GET /api/public/blockchain/escrow/balance] (Method: PublicController.escrowBalance) with Args: []
2026-01-30 06:18:52.588 [http-nio-8080-exec-2] INFO  c.t.b.aspect.UserActionLoggingAspect - User: [Anonymous] performed Action: [GET /api/public/blockchain/escrow/balance] (Method: PublicController.escrowBalance) with Args: []
2026-01-30 06:18:52.636 [http-nio-8080-exec-1] INFO  c.t.b.aspect.UserActionLoggingAspect - User: [Anonymous] performed Action: [GET /api/public/blockchain/events/recent] (Method: PublicController.recentEvents) with Args: []
2026-01-30 06:18:52.731 [http-nio-8080-exec-9] INFO  c.t.b.aspect.UserActionLoggingAspect - User: [Anonymous] performed Action: [GET /api/scheme] (Method: SchemeController.getAllSchemes) with Args: [null]
2026-01-30 06:18:52.751 [http-nio-8080-exec-3] INFO  c.t.b.aspect.UserActionLoggingAspect - User: [Anonymous] performed Action: [GET /api/public/blockchain/events/recent] (Method: PublicController.recentEvents) with Args: []
2026-01-30 06:18:52.906 [http-nio-8080-exec-8] INFO  c.t.b.aspect.UserActionLoggingAspect - User: [user_38x1AFi0pt8cbMR1zAKx8Tg4eJv] performed Action: [GET /api/transaction] (Method: TransactionController.getAllTransactions) with Args: []
2026-01-30 06:18:53.141 [http-nio-8080-exec-9] INFO  c.t.b.aspect.UserActionLoggingAspect - User: [Anonymous] performed Action: [GET /api/scheme] (Method: SchemeController.getAllSchemes) with Args: [null]
2026-01-30 06:18:53.210 [http-nio-8080-exec-5] INFO  c.t.b.aspect.UserActionLoggingAspect - User: [user_38x1AFi0pt8cbMR1zAKx8Tg4eJv] performed Action: [GET /api/donation] (Method: DonationController.getAllDonations) with Args: []
2026-01-30 06:18:53.314 [http-nio-8080-exec-6] INFO  c.t.b.aspect.UserActionLoggingAspect - User: [user_38x1AFi0pt8cbMR1zAKx8Tg4eJv] performed Action: [GET /api/transaction] (Method: TransactionController.getAllTransactions) with Args: []
2026-01-30 06:18:53.613 [http-nio-8080-exec-2] INFO  c.t.b.aspect.UserActionLoggingAspect - User: [user_38x1AFi0pt8cbMR1zAKx8Tg4eJv] performed Action: [GET /api/donation] (Method: DonationController.getAllDonations) with Args: []
2026-01-30 06:20:30.117 [http-nio-8080-exec-8] INFO  c.t.b.aspect.UserActionLoggingAspect - User: [Anonymous] performed Action: [GET /api/public/blockchain/status] (Method: PublicController.blockchainStatus) with Args: []
2026-01-30 06:20:30.139 [http-nio-8080-exec-5] INFO  c.t.b.aspect.UserActionLoggingAspect - User: [Anonymous] performed Action: [GET /api/public/blockchain/status] (Method: PublicController.blockchainStatus) with Args: []
2026-01-30 06:20:30.380 [http-nio-8080-exec-7] INFO  c.t.b.aspect.UserActionLoggingAspect - User: [Anonymous] performed Action: [GET /api/public/blockchain/escrow/balance] (Method: PublicController.escrowBalance) with Args: []
2026-01-30 06:20:30.494 [http-nio-8080-exec-2] INFO  c.t.b.aspect.UserActionLoggingAspect - User: [Anonymous] performed Action: [GET /api/public/blockchain/events/recent] (Method: PublicController.recentEvents) with Args: []
2026-01-30 06:20:30.601 [http-nio-8080-exec-6] INFO  c.t.b.aspect.UserActionLoggingAspect - User: [Anonymous] performed Action: [GET /api/public/blockchain/escrow/balance] (Method: PublicController.escrowBalance) with Args: []
2026-01-30 06:20:30.603 [http-nio-8080-exec-9] INFO  c.t.b.aspect.UserActionLoggingAspect - User: [Anonymous] performed Action: [GET /api/scheme] (Method: SchemeController.getAllSchemes) with Args: [null]
2026-01-30 06:20:30.683 [http-nio-8080-exec-3] INFO  c.t.b.aspect.UserActionLoggingAspect - User: [Anonymous] performed Action: [GET /api/public/blockchain/events/recent] (Method: PublicController.recentEvents) with Args: []
2026-01-30 06:20:30.854 [http-nio-8080-exec-1] INFO  c.t.b.aspect.UserActionLoggingAspect - User: [user_38x1AFi0pt8cbMR1zAKx8Tg4eJv] performed Action: [GET /api/transaction] (Method: TransactionController.getAllTransactions) with Args: []
2026-01-30 06:20:30.995 [http-nio-8080-exec-9] INFO  c.t.b.aspect.UserActionLoggingAspect - User: [Anonymous] performed Action: [GET /api/scheme] (Method: SchemeController.getAllSchemes) with Args: [null]
2026-01-30 06:20:31.161 [http-nio-8080-exec-8] INFO  c.t.b.aspect.UserActionLoggingAspect - User: [user_38x1AFi0pt8cbMR1zAKx8Tg4eJv] performed Action: [GET /api/transaction] (Method: TransactionController.getAllTransactions) with Args: []
2026-01-30 06:20:31.233 [http-nio-8080-exec-4] INFO  c.t.b.aspect.UserActionLoggingAspect - User: [user_38x1AFi0pt8cbMR1zAKx8Tg4eJv] performed Action: [GET /api/donation] (Method: DonationController.getAllDonations) with Args: []
2026-01-30 06:20:31.628 [http-nio-8080-exec-5] INFO  c.t.b.aspect.UserActionLoggingAspect - User: [user_38x1AFi0pt8cbMR1zAKx8Tg4eJv] performed Action: [GET /api/donation] (Method: DonationController.getAllDonations) with Args: []
2026-01-30 06:22:08.737 [http-nio-8080-exec-9] INFO  c.t.b.aspect.UserActionLoggingAspect - User: [Anonymous] performed Action: [GET /api/public/blockchain/status] (Method: PublicController.blockchainStatus) with Args: []
2026-01-30 06:22:08.760 [http-nio-8080-exec-8] INFO  c.t.b.aspect.UserActionLoggingAspect - User: [Anonymous] performed Action: [GET /api/public/blockchain/status] (Method: PublicController.blockchainStatus) with Args: []
2026-01-30 06:22:09.024 [http-nio-8080-exec-3] INFO  c.t.b.aspect.UserActionLoggingAspect - User: [Anonymous] performed Action: [GET /api/public/blockchain/escrow/balance] (Method: PublicController.escrowBalance) with Args: []
2026-01-30 06:22:09.153 [http-nio-8080-exec-7] INFO  c.t.b.aspect.UserActionLoggingAspect - User: [Anonymous] performed Action: [GET /api/public/blockchain/escrow/balance] (Method: PublicController.escrowBalance) with Args: []
2026-01-30 06:22:09.207 [http-nio-8080-exec-2] INFO  c.t.b.aspect.UserActionLoggingAspect - User: [Anonymous] performed Action: [GET /api/public/blockchain/events/recent] (Method: PublicController.recentEvents) with Args: []
2026-01-30 06:22:09.482 [http-nio-8080-exec-6] INFO  c.t.b.aspect.UserActionLoggingAspect - User: [Anonymous] performed Action: [GET /api/public/blockchain/events/recent] (Method: PublicController.recentEvents) with Args: []
2026-01-30 06:22:09.482 [http-nio-8080-exec-1] INFO  c.t.b.aspect.UserActionLoggingAspect - User: [Anonymous] performed Action: [GET /api/scheme] (Method: SchemeController.getAllSchemes) with Args: [null]
2026-01-30 06:22:09.810 [http-nio-8080-exec-9] INFO  c.t.b.aspect.UserActionLoggingAspect - User: [user_38x1AFi0pt8cbMR1zAKx8Tg4eJv] performed Action: [GET /api/transaction] (Method: TransactionController.getAllTransactions) with Args: []
2026-01-30 06:22:09.873 [http-nio-8080-exec-10] INFO  c.t.b.aspect.UserActionLoggingAspect - User: [Anonymous] performed Action: [GET /api/scheme] (Method: SchemeController.getAllSchemes) with Args: [null]
2026-01-30 06:22:10.072 [http-nio-8080-exec-4] INFO  c.t.b.aspect.UserActionLoggingAspect - User: [user_38x1AFi0pt8cbMR1zAKx8Tg4eJv] performed Action: [GET /api/transaction] (Method: TransactionController.getAllTransactions) with Args: []
2026-01-30 06:22:10.198 [http-nio-8080-exec-8] INFO  c.t.b.aspect.UserActionLoggingAspect - User: [user_38x1AFi0pt8cbMR1zAKx8Tg4eJv] performed Action: [GET /api/donation] (Method: DonationController.getAllDonations) with Args: []
2026-01-30 06:22:10.458 [http-nio-8080-exec-5] INFO  c.t.b.aspect.UserActionLoggingAspect - User: [user_38x1AFi0pt8cbMR1zAKx8Tg4eJv] performed Action: [GET /api/donation] (Method: DonationController.getAllDonations) with Args: []
2026-01-30 06:23:56.214 [http-nio-8080-exec-6] INFO  c.t.b.aspect.UserActionLoggingAspect - User: [user_38wnnZUuaVINyy4iXMODkrnscIt] performed Action: [POST /api/auth/assign-role] (Method: AuthController.assignRole) with Args: [com.trustchain.backend.dto.RoleAssignmentRequest@ae167e3, SecurityContextHolderAwareRequestWrapper[ org.springframework.security.web.header.HeaderWriterFilter$HeaderWriterRequest@70d443d8]]
2026-01-30 06:23:56.629 [http-nio-8080-exec-10] INFO  c.t.b.aspect.UserActionLoggingAspect - User: [Anonymous] performed Action: [GET /api/public/blockchain/status] (Method: PublicController.blockchainStatus) with Args: []
2026-01-30 06:23:56.648 [http-nio-8080-exec-4] INFO  c.t.b.aspect.UserActionLoggingAspect - User: [Anonymous] performed Action: [GET /api/public/blockchain/status] (Method: PublicController.blockchainStatus) with Args: []
2026-01-30 06:23:56.826 [http-nio-8080-exec-9] INFO  c.t.b.aspect.UserActionLoggingAspect - User: [Anonymous] performed Action: [GET /api/public/blockchain/escrow/balance] (Method: PublicController.escrowBalance) with Args: []
2026-01-30 06:23:57.179 [http-nio-8080-exec-5] INFO  c.t.b.aspect.UserActionLoggingAspect - User: [user_38wnnZUuaVINyy4iXMODkrnscIt] performed Action: [GET /api/kyc/user_38wnnZUuaVINyy4iXMODkrnscIt/record] (Method: KycController.getRecordByVendorId) with Args: [user_38wnnZUuaVINyy4iXMODkrnscIt]
2026-01-30 06:23:57.191 [http-nio-8080-exec-1] INFO  c.t.b.aspect.UserActionLoggingAspect - User: [user_38wnnZUuaVINyy4iXMODkrnscIt] performed Action: [GET /api/vendor/user/user_38wnnZUuaVINyy4iXMODkrnscIt] (Method: VendorController.getVendorByUserId) with Args: [user_38wnnZUuaVINyy4iXMODkrnscIt]
2026-01-30 06:23:57.206 [http-nio-8080-exec-7] INFO  c.t.b.aspect.UserActionLoggingAspect - User: [user_38wnnZUuaVINyy4iXMODkrnscIt] performed Action: [GET /api/pan/user_38wnnZUuaVINyy4iXMODkrnscIt/record] (Method: PanController.getRecordByVendorId) with Args: [user_38wnnZUuaVINyy4iXMODkrnscIt]
2026-01-30 06:23:57.336 [http-nio-8080-exec-10] INFO  c.t.b.aspect.UserActionLoggingAspect - User: [Anonymous] performed Action: [GET /api/public/blockchain/events/recent] (Method: PublicController.recentEvents) with Args: []
2026-01-30 06:23:57.412 [http-nio-8080-exec-4] INFO  c.t.b.aspect.UserActionLoggingAspect - User: [Anonymous] performed Action: [GET /api/public/blockchain/escrow/balance] (Method: PublicController.escrowBalance) with Args: []
2026-01-30 06:23:57.447 [http-nio-8080-exec-8] INFO  c.t.b.aspect.UserActionLoggingAspect - User: [user_38wnnZUuaVINyy4iXMODkrnscIt] performed Action: [GET /api/transaction/user/user_38wnnZUuaVINyy4iXMODkrnscIt] (Method: TransactionController.getTransactionsByVendorUserId) with Args: [user_38wnnZUuaVINyy4iXMODkrnscIt]
2026-01-30 06:23:57.447 [http-nio-8080-exec-3] INFO  c.t.b.aspect.UserActionLoggingAspect - User: [user_38wnnZUuaVINyy4iXMODkrnscIt] performed Action: [GET /api/ngo-vendor/user/user_38wnnZUuaVINyy4iXMODkrnscIt] (Method: NgoVendorController.getNgoVendorsByVendorUserId) with Args: [PROTECTED]
2026-01-30 06:23:57.483 [http-nio-8080-exec-2] INFO  c.t.b.aspect.UserActionLoggingAspect - User: [user_38wnnZUuaVINyy4iXMODkrnscIt] performed Action: [GET /api/invoice/user/user_38wnnZUuaVINyy4iXMODkrnscIt] (Method: InvoiceController.getInvoicesByVendorUserId) with Args: [PROTECTED]
2026-01-30 06:23:57.555 [http-nio-8080-exec-1] INFO  c.t.b.aspect.UserActionLoggingAspect - User: [Anonymous] performed Action: [GET /api/public/blockchain/events/recent] (Method: PublicController.recentEvents) with Args: []
2026-01-30 06:23:57.700 [http-nio-8080-exec-6] INFO  c.t.b.aspect.UserActionLoggingAspect - User: [user_38wnnZUuaVINyy4iXMODkrnscIt] performed Action: [GET /api/kyc/user_38wnnZUuaVINyy4iXMODkrnscIt/record] (Method: KycController.getRecordByVendorId) with Args: [user_38wnnZUuaVINyy4iXMODkrnscIt]
2026-01-30 06:23:57.775 [http-nio-8080-exec-9] INFO  c.t.b.aspect.UserActionLoggingAspect - User: [user_38wnnZUuaVINyy4iXMODkrnscIt] performed Action: [GET /api/vendor/user/user_38wnnZUuaVINyy4iXMODkrnscIt] (Method: VendorController.getVendorByUserId) with Args: [user_38wnnZUuaVINyy4iXMODkrnscIt]
2026-01-30 06:23:57.790 [http-nio-8080-exec-7] INFO  c.t.b.aspect.UserActionLoggingAspect - User: [user_38wnnZUuaVINyy4iXMODkrnscIt] performed Action: [GET /api/transaction/user/user_38wnnZUuaVINyy4iXMODkrnscIt] (Method: TransactionController.getTransactionsByVendorUserId) with Args: [user_38wnnZUuaVINyy4iXMODkrnscIt]
2026-01-30 06:23:57.790 [http-nio-8080-exec-5] INFO  c.t.b.aspect.UserActionLoggingAspect - User: [user_38wnnZUuaVINyy4iXMODkrnscIt] performed Action: [GET /api/pan/user_38wnnZUuaVINyy4iXMODkrnscIt/record] (Method: PanController.getRecordByVendorId) with Args: [user_38wnnZUuaVINyy4iXMODkrnscIt]
2026-01-30 06:23:57.957 [http-nio-8080-exec-10] INFO  c.t.b.aspect.UserActionLoggingAspect - User: [user_38wnnZUuaVINyy4iXMODkrnscIt] performed Action: [GET /api/ngo-vendor/user/user_38wnnZUuaVINyy4iXMODkrnscIt] (Method: NgoVendorController.getNgoVendorsByVendorUserId) with Args: [PROTECTED]
2026-01-30 06:23:58.124 [http-nio-8080-exec-4] INFO  c.t.b.aspect.UserActionLoggingAspect - User: [user_38wnnZUuaVINyy4iXMODkrnscIt] performed Action: [GET /api/invoice/user/user_38wnnZUuaVINyy4iXMODkrnscIt] (Method: InvoiceController.getInvoicesByVendorUserId) with Args: [PROTECTED]
2026-01-30 06:24:01.348 [http-nio-8080-exec-8] INFO  c.t.b.aspect.UserActionLoggingAspect - User: [Anonymous] performed Action: [GET /api/public/blockchain/status] (Method: PublicController.blockchainStatus) with Args: []
2026-01-30 06:24:01.518 [http-nio-8080-exec-3] INFO  c.t.b.aspect.UserActionLoggingAspect - User: [Anonymous] performed Action: [GET /api/public/blockchain/escrow/balance] (Method: PublicController.escrowBalance) with Args: []
2026-01-30 06:24:01.687 [http-nio-8080-exec-6] INFO  c.t.b.aspect.UserActionLoggingAspect - User: [user_38wnnZUuaVINyy4iXMODkrnscIt] performed Action: [GET /api/pan/user_38wnnZUuaVINyy4iXMODkrnscIt/record] (Method: PanController.getRecordByVendorId) with Args: [user_38wnnZUuaVINyy4iXMODkrnscIt]
2026-01-30 06:24:01.693 [http-nio-8080-exec-10] INFO  c.t.b.aspect.UserActionLoggingAspect - User: [Anonymous] performed Action: [GET /api/public/blockchain/status] (Method: PublicController.blockchainStatus) with Args: []
2026-01-30 06:24:01.722 [http-nio-8080-exec-7] INFO  c.t.b.aspect.UserActionLoggingAspect - User: [user_38wnnZUuaVINyy4iXMODkrnscIt] performed Action: [GET /api/transaction/user/user_38wnnZUuaVINyy4iXMODkrnscIt] (Method: TransactionController.getTransactionsByVendorUserId) with Args: [user_38wnnZUuaVINyy4iXMODkrnscIt]
2026-01-30 06:24:01.747 [http-nio-8080-exec-2] INFO  c.t.b.aspect.UserActionLoggingAspect - User: [user_38wnnZUuaVINyy4iXMODkrnscIt] performed Action: [GET /api/kyc/user_38wnnZUuaVINyy4iXMODkrnscIt/record] (Method: KycController.getRecordByVendorId) with Args: [user_38wnnZUuaVINyy4iXMODkrnscIt]
2026-01-30 06:24:01.797 [http-nio-8080-exec-8] INFO  c.t.b.aspect.UserActionLoggingAspect - User: [Anonymous] performed Action: [GET /api/public/blockchain/events/recent] (Method: PublicController.recentEvents) with Args: []
2026-01-30 06:24:01.810 [http-nio-8080-exec-5] INFO  c.t.b.aspect.UserActionLoggingAspect - User: [user_38wnnZUuaVINyy4iXMODkrnscIt] performed Action: [GET /api/vendor/user/user_38wnnZUuaVINyy4iXMODkrnscIt] (Method: VendorController.getVendorByUserId) with Args: [user_38wnnZUuaVINyy4iXMODkrnscIt]
2026-01-30 06:24:01.860 [http-nio-8080-exec-4] INFO  c.t.b.aspect.UserActionLoggingAspect - User: [Anonymous] performed Action: [GET /api/public/blockchain/escrow/balance] (Method: PublicController.escrowBalance) with Args: []
2026-01-30 06:24:01.862 [http-nio-8080-exec-9] INFO  c.t.b.aspect.UserActionLoggingAspect - User: [user_38wnnZUuaVINyy4iXMODkrnscIt] performed Action: [GET /api/ngo-vendor/user/user_38wnnZUuaVINyy4iXMODkrnscIt] (Method: NgoVendorController.getNgoVendorsByVendorUserId) with Args: [PROTECTED]
2026-01-30 06:24:01.871 [http-nio-8080-exec-1] INFO  c.t.b.aspect.UserActionLoggingAspect - User: [user_38wnnZUuaVINyy4iXMODkrnscIt] performed Action: [GET /api/invoice/user/user_38wnnZUuaVINyy4iXMODkrnscIt] (Method: InvoiceController.getInvoicesByVendorUserId) with Args: [PROTECTED]
2026-01-30 06:24:01.927 [http-nio-8080-exec-2] INFO  c.t.b.aspect.UserActionLoggingAspect - User: [Anonymous] performed Action: [GET /api/public/blockchain/events/recent] (Method: PublicController.recentEvents) with Args: []
2026-01-30 06:24:02.062 [http-nio-8080-exec-3] INFO  c.t.b.aspect.UserActionLoggingAspect - User: [user_38wnnZUuaVINyy4iXMODkrnscIt] performed Action: [GET /api/pan/user_38wnnZUuaVINyy4iXMODkrnscIt/record] (Method: PanController.getRecordByVendorId) with Args: [user_38wnnZUuaVINyy4iXMODkrnscIt]
2026-01-30 06:24:02.098 [http-nio-8080-exec-10] INFO  c.t.b.aspect.UserActionLoggingAspect - User: [user_38wnnZUuaVINyy4iXMODkrnscIt] performed Action: [GET /api/kyc/user_38wnnZUuaVINyy4iXMODkrnscIt/record] (Method: KycController.getRecordByVendorId) with Args: [user_38wnnZUuaVINyy4iXMODkrnscIt]
2026-01-30 06:24:02.115 [http-nio-8080-exec-7] INFO  c.t.b.aspect.UserActionLoggingAspect - User: [user_38wnnZUuaVINyy4iXMODkrnscIt] performed Action: [GET /api/vendor/user/user_38wnnZUuaVINyy4iXMODkrnscIt] (Method: VendorController.getVendorByUserId) with Args: [user_38wnnZUuaVINyy4iXMODkrnscIt]
2026-01-30 06:24:02.131 [http-nio-8080-exec-6] INFO  c.t.b.aspect.UserActionLoggingAspect - User: [user_38wnnZUuaVINyy4iXMODkrnscIt] performed Action: [GET /api/transaction/user/user_38wnnZUuaVINyy4iXMODkrnscIt] (Method: TransactionController.getTransactionsByVendorUserId) with Args: [user_38wnnZUuaVINyy4iXMODkrnscIt]
2026-01-30 06:24:02.317 [http-nio-8080-exec-8] INFO  c.t.b.aspect.UserActionLoggingAspect - User: [user_38wnnZUuaVINyy4iXMODkrnscIt] performed Action: [GET /api/ngo-vendor/user/user_38wnnZUuaVINyy4iXMODkrnscIt] (Method: NgoVendorController.getNgoVendorsByVendorUserId) with Args: [PROTECTED]
2026-01-30 06:24:02.341 [http-nio-8080-exec-5] INFO  c.t.b.aspect.UserActionLoggingAspect - User: [user_38wnnZUuaVINyy4iXMODkrnscIt] performed Action: [GET /api/invoice/user/user_38wnnZUuaVINyy4iXMODkrnscIt] (Method: InvoiceController.getInvoicesByVendorUserId) with Args: [PROTECTED]
2026-01-30 06:25:47.648 [http-nio-8080-exec-7] INFO  c.t.b.aspect.UserActionLoggingAspect - User: [user_38wvxghWcfgIdhXiJN6FUj4BpOc] performed Action: [POST /api/auth/assign-role] (Method: AuthController.assignRole) with Args: [com.trustchain.backend.dto.RoleAssignmentRequest@5f2c9e6b, SecurityContextHolderAwareRequestWrapper[ org.springframework.security.web.header.HeaderWriterFilter$HeaderWriterRequest@20ae7ba5]]
2026-01-30 06:25:48.050 [http-nio-8080-exec-8] INFO  c.t.b.aspect.UserActionLoggingAspect - User: [Anonymous] performed Action: [GET /api/public/blockchain/status] (Method: PublicController.blockchainStatus) with Args: []
2026-01-30 06:25:48.062 [http-nio-8080-exec-9] INFO  c.t.b.aspect.UserActionLoggingAspect - User: [Anonymous] performed Action: [GET /api/public/blockchain/status] (Method: PublicController.blockchainStatus) with Args: []
2026-01-30 06:25:48.159 [http-nio-8080-exec-5] INFO  c.t.b.aspect.UserActionLoggingAspect - User: [Anonymous] performed Action: [GET /api/public/blockchain/escrow/balance] (Method: PublicController.escrowBalance) with Args: []
2026-01-30 06:25:48.283 [http-nio-8080-exec-10] INFO  c.t.b.aspect.UserActionLoggingAspect - User: [Anonymous] performed Action: [GET /api/public/blockchain/escrow/balance] (Method: PublicController.escrowBalance) with Args: []
2026-01-30 06:25:48.284 [http-nio-8080-exec-4] INFO  c.t.b.aspect.UserActionLoggingAspect - User: [Anonymous] performed Action: [GET /api/public/blockchain/events/recent] (Method: PublicController.recentEvents) with Args: []
2026-01-30 06:25:48.362 [http-nio-8080-exec-1] INFO  c.t.b.aspect.UserActionLoggingAspect - User: [Anonymous] performed Action: [GET /api/public/blockchain/events/recent] (Method: PublicController.recentEvents) with Args: []
